<?xml version="1.0" encoding="UTF-8"?>
<testng-results ignored="0" total="1" passed="1" failed="0" skipped="0">
  <reporter-output>
  </reporter-output>
  <suite started-at="2023-06-03T15:28:18 IST" name="Suite" finished-at="2023-06-03T15:28:23 IST" duration-ms="4809">
    <groups>
    </groups>
    <test started-at="2023-06-03T15:28:18 IST" name="Test" finished-at="2023-06-03T15:28:23 IST" duration-ms="4809">
      <class name="testCases.TC_02_ProductsPage_Test">
        <test-method is-config="true" signature="setup()[pri:0, instance:testCases.TC_02_ProductsPage_Test@4c1909a3]" started-at="2023-06-03T15:28:18 IST" name="setup" finished-at="2023-06-03T15:28:22 IST" duration-ms="3441" status="PASS">
          <reporter-output>
          </reporter-output>
        </test-method> <!-- setup -->
        <test-method signature="test_products()[pri:0, instance:testCases.TC_02_ProductsPage_Test@4c1909a3]" started-at="2023-06-03T15:28:22 IST" name="test_products" finished-at="2023-06-03T15:28:22 IST" duration-ms="562" status="PASS">
          <reporter-output>
          </reporter-output>
        </test-method> <!-- test_products -->
        <test-method is-config="true" signature="tearDown()[pri:0, instance:testCases.TC_02_ProductsPage_Test@4c1909a3]" started-at="2023-06-03T15:28:23 IST" name="tearDown" finished-at="2023-06-03T15:28:23 IST" duration-ms="190" status="PASS">
          <reporter-output>
          </reporter-output>
        </test-method> <!-- tearDown -->
      </class> <!-- testCases.TC_02_ProductsPage_Test -->
    </test> <!-- Test -->
  </suite> <!-- Suite -->
</testng-results>
